2022/05/17 13:54:22 [notice] 1#1: using the "epoll" event method
2022/05/17 13:54:22 [notice] 1#1: nginx/1.21.6
2022/05/17 13:54:22 [notice] 1#1: built by gcc 10.2.1 20210110 (Debian 10.2.1-6) 
2022/05/17 13:54:22 [notice] 1#1: OS: Linux 5.10.76-linuxkit
2022/05/17 13:54:22 [notice] 1#1: getrlimit(RLIMIT_NOFILE): 1048576:1048576
2022/05/17 13:54:22 [notice] 1#1: start worker processes
2022/05/17 13:54:22 [notice] 1#1: start worker process 31
2022/05/17 13:54:22 [notice] 1#1: start worker process 32
2022/05/17 13:54:22 [notice] 1#1: start worker process 33
2022/05/17 13:54:22 [notice] 1#1: start worker process 34
2022/05/17 13:56:49 [notice] 1#1: signal 3 (SIGQUIT) received, shutting down
2022/05/17 13:56:49 [notice] 32#32: gracefully shutting down
2022/05/17 13:56:49 [notice] 31#31: gracefully shutting down
2022/05/17 13:56:49 [notice] 31#31: exiting
2022/05/17 13:56:49 [notice] 34#34: gracefully shutting down
2022/05/17 13:56:49 [notice] 34#34: exiting
2022/05/17 13:56:49 [notice] 33#33: gracefully shutting down
2022/05/17 13:56:49 [notice] 33#33: exiting
2022/05/17 13:56:49 [notice] 32#32: exiting
2022/05/17 13:56:49 [notice] 31#31: exit
2022/05/17 13:56:49 [notice] 34#34: exit
2022/05/17 13:56:49 [notice] 33#33: exit
2022/05/17 13:56:49 [notice] 32#32: exit
2022/05/17 13:56:49 [notice] 1#1: signal 17 (SIGCHLD) received from 31
2022/05/17 13:56:49 [notice] 1#1: worker process 31 exited with code 0
2022/05/17 13:56:49 [notice] 1#1: signal 29 (SIGIO) received
2022/05/17 13:56:49 [notice] 1#1: signal 17 (SIGCHLD) received from 33
2022/05/17 13:56:49 [notice] 1#1: worker process 33 exited with code 0
2022/05/17 13:56:49 [notice] 1#1: signal 29 (SIGIO) received
2022/05/17 13:56:49 [notice] 1#1: signal 17 (SIGCHLD) received from 34
2022/05/17 13:56:49 [notice] 1#1: worker process 34 exited with code 0
2022/05/17 13:56:49 [notice] 1#1: signal 29 (SIGIO) received
2022/05/17 13:56:49 [notice] 1#1: signal 17 (SIGCHLD) received from 32
2022/05/17 13:56:49 [notice] 1#1: worker process 32 exited with code 0
2022/05/17 13:56:49 [notice] 1#1: exit
2022/05/17 13:56:53 [notice] 1#1: using the "epoll" event method
2022/05/17 13:56:53 [notice] 1#1: nginx/1.21.6
2022/05/17 13:56:53 [notice] 1#1: built by gcc 10.2.1 20210110 (Debian 10.2.1-6) 
2022/05/17 13:56:53 [notice] 1#1: OS: Linux 5.10.76-linuxkit
2022/05/17 13:56:53 [notice] 1#1: getrlimit(RLIMIT_NOFILE): 1048576:1048576
2022/05/17 13:56:53 [notice] 1#1: start worker processes
2022/05/17 13:56:53 [notice] 1#1: start worker process 33
2022/05/17 13:56:53 [notice] 1#1: start worker process 34
2022/05/17 13:56:53 [notice] 1#1: start worker process 35
2022/05/17 13:56:53 [notice] 1#1: start worker process 36
2022/05/17 13:56:56 [notice] 1#1: signal 3 (SIGQUIT) received, shutting down
2022/05/17 13:56:56 [notice] 33#33: gracefully shutting down
2022/05/17 13:56:56 [notice] 33#33: exiting
2022/05/17 13:56:56 [notice] 34#34: gracefully shutting down
2022/05/17 13:56:56 [notice] 34#34: exiting
2022/05/17 13:56:56 [notice] 35#35: gracefully shutting down
2022/05/17 13:56:56 [notice] 35#35: exiting
2022/05/17 13:56:56 [notice] 36#36: gracefully shutting down
2022/05/17 13:56:56 [notice] 36#36: exiting
2022/05/17 13:56:56 [notice] 33#33: exit
2022/05/17 13:56:56 [notice] 34#34: exit
2022/05/17 13:56:56 [notice] 35#35: exit
2022/05/17 13:56:56 [notice] 36#36: exit
2022/05/17 13:56:56 [notice] 1#1: signal 17 (SIGCHLD) received from 33
2022/05/17 13:56:56 [notice] 1#1: worker process 33 exited with code 0
2022/05/17 13:56:56 [notice] 1#1: signal 29 (SIGIO) received
2022/05/17 13:56:56 [notice] 1#1: signal 17 (SIGCHLD) received from 34
2022/05/17 13:56:56 [notice] 1#1: worker process 34 exited with code 0
2022/05/17 13:56:56 [notice] 1#1: signal 29 (SIGIO) received
2022/05/17 13:56:56 [notice] 1#1: signal 17 (SIGCHLD) received from 35
2022/05/17 13:56:56 [notice] 1#1: worker process 35 exited with code 0
2022/05/17 13:56:56 [notice] 1#1: worker process 36 exited with code 0
2022/05/17 13:56:56 [notice] 1#1: exit
2022/05/17 13:56:59 [notice] 1#1: using the "epoll" event method
2022/05/17 13:56:59 [notice] 1#1: nginx/1.21.6
2022/05/17 13:56:59 [notice] 1#1: built by gcc 10.2.1 20210110 (Debian 10.2.1-6) 
2022/05/17 13:56:59 [notice] 1#1: OS: Linux 5.10.76-linuxkit
2022/05/17 13:56:59 [notice] 1#1: getrlimit(RLIMIT_NOFILE): 1048576:1048576
2022/05/17 13:56:59 [notice] 1#1: start worker processes
2022/05/17 13:56:59 [notice] 1#1: start worker process 26
2022/05/17 13:56:59 [notice] 1#1: start worker process 27
2022/05/17 13:56:59 [notice] 1#1: start worker process 28
2022/05/17 13:56:59 [notice] 1#1: start worker process 29
2022/05/17 13:59:21 [notice] 1#1: signal 3 (SIGQUIT) received, shutting down
2022/05/17 13:59:21 [notice] 27#27: gracefully shutting down
2022/05/17 13:59:21 [notice] 27#27: exiting
2022/05/17 13:59:21 [notice] 26#26: gracefully shutting down
2022/05/17 13:59:21 [notice] 26#26: exiting
2022/05/17 13:59:21 [notice] 28#28: gracefully shutting down
2022/05/17 13:59:21 [notice] 28#28: exiting
2022/05/17 13:59:21 [notice] 29#29: gracefully shutting down
2022/05/17 13:59:21 [notice] 29#29: exiting
2022/05/17 13:59:21 [notice] 27#27: exit
2022/05/17 13:59:21 [notice] 26#26: exit
2022/05/17 13:59:21 [notice] 28#28: exit
2022/05/17 13:59:21 [notice] 29#29: exit
2022/05/17 13:59:21 [notice] 1#1: signal 17 (SIGCHLD) received from 28
2022/05/17 13:59:21 [notice] 1#1: worker process 28 exited with code 0
2022/05/17 13:59:21 [notice] 1#1: signal 29 (SIGIO) received
2022/05/17 13:59:21 [notice] 1#1: signal 17 (SIGCHLD) received from 27
2022/05/17 13:59:21 [notice] 1#1: worker process 27 exited with code 0
2022/05/17 13:59:21 [notice] 1#1: signal 29 (SIGIO) received
2022/05/17 13:59:21 [notice] 1#1: signal 17 (SIGCHLD) received from 26
2022/05/17 13:59:21 [notice] 1#1: worker process 26 exited with code 0
2022/05/17 13:59:21 [notice] 1#1: signal 29 (SIGIO) received
2022/05/17 13:59:21 [notice] 1#1: signal 17 (SIGCHLD) received from 29
2022/05/17 13:59:21 [notice] 1#1: worker process 29 exited with code 0
2022/05/17 13:59:21 [notice] 1#1: exit
2022/05/17 14:00:06 [notice] 1#1: using the "epoll" event method
2022/05/17 14:00:06 [notice] 1#1: nginx/1.21.6
2022/05/17 14:00:06 [notice] 1#1: built by gcc 10.2.1 20210110 (Debian 10.2.1-6) 
2022/05/17 14:00:06 [notice] 1#1: OS: Linux 5.10.76-linuxkit
2022/05/17 14:00:06 [notice] 1#1: getrlimit(RLIMIT_NOFILE): 1048576:1048576
2022/05/17 14:00:06 [notice] 1#1: start worker processes
2022/05/17 14:00:06 [notice] 1#1: start worker process 32
2022/05/17 14:00:06 [notice] 1#1: start worker process 33
2022/05/17 14:00:06 [notice] 1#1: start worker process 34
2022/05/17 14:00:06 [notice] 1#1: start worker process 35
2022/05/18 04:38:03 [notice] 1#1: signal 3 (SIGQUIT) received, shutting down
2022/05/18 04:38:03 [notice] 35#35: gracefully shutting down
2022/05/18 04:38:03 [notice] 35#35: exiting
2022/05/18 04:38:03 [notice] 32#32: gracefully shutting down
2022/05/18 04:38:03 [notice] 33#33: gracefully shutting down
2022/05/18 04:38:03 [notice] 34#34: gracefully shutting down
2022/05/18 04:38:03 [notice] 35#35: exit
2022/05/18 04:38:03 [notice] 34#34: exiting
2022/05/18 04:38:03 [notice] 34#34: exit
2022/05/18 04:38:03 [notice] 32#32: exiting
2022/05/18 04:38:03 [notice] 33#33: exiting
2022/05/18 04:38:03 [notice] 32#32: exit
2022/05/18 04:38:03 [notice] 33#33: exit
2022/05/18 04:38:03 [notice] 1#1: signal 17 (SIGCHLD) received from 34
2022/05/18 04:38:03 [notice] 1#1: worker process 34 exited with code 0
2022/05/18 04:38:03 [notice] 1#1: signal 29 (SIGIO) received
2022/05/18 04:38:03 [notice] 1#1: signal 17 (SIGCHLD) received from 33
2022/05/18 04:38:03 [notice] 1#1: worker process 32 exited with code 0
2022/05/18 04:38:03 [notice] 1#1: worker process 33 exited with code 0
2022/05/18 04:38:03 [notice] 1#1: worker process 35 exited with code 0
2022/05/18 04:38:03 [notice] 1#1: exit
2022/05/18 04:38:30 [notice] 1#1: using the "epoll" event method
2022/05/18 04:38:30 [notice] 1#1: nginx/1.21.6
2022/05/18 04:38:30 [notice] 1#1: built by gcc 10.2.1 20210110 (Debian 10.2.1-6) 
2022/05/18 04:38:30 [notice] 1#1: OS: Linux 5.10.76-linuxkit
2022/05/18 04:38:30 [notice] 1#1: getrlimit(RLIMIT_NOFILE): 1048576:1048576
2022/05/18 04:38:30 [notice] 1#1: start worker processes
2022/05/18 04:38:30 [notice] 1#1: start worker process 31
2022/05/18 04:38:30 [notice] 1#1: start worker process 32
2022/05/18 04:38:30 [notice] 1#1: start worker process 33
2022/05/18 04:38:30 [notice] 1#1: start worker process 34
2022/05/18 05:17:35 [notice] 1#1: signal 3 (SIGQUIT) received, shutting down
2022/05/18 05:17:35 [notice] 31#31: gracefully shutting down
2022/05/18 05:17:35 [notice] 34#34: gracefully shutting down
2022/05/18 05:17:35 [notice] 32#32: gracefully shutting down
2022/05/18 05:17:35 [notice] 33#33: gracefully shutting down
2022/05/18 05:17:35 [notice] 31#31: exiting
2022/05/18 05:17:35 [notice] 34#34: exiting
2022/05/18 05:17:35 [notice] 31#31: exit
2022/05/18 05:17:35 [notice] 33#33: exiting
2022/05/18 05:17:35 [notice] 34#34: exit
2022/05/18 05:17:35 [notice] 32#32: exiting
2022/05/18 05:17:35 [notice] 33#33: exit
2022/05/18 05:17:35 [notice] 32#32: exit
2022/05/18 05:17:35 [notice] 1#1: signal 17 (SIGCHLD) received from 32
2022/05/18 05:17:35 [notice] 1#1: worker process 31 exited with code 0
2022/05/18 05:17:35 [notice] 1#1: worker process 32 exited with code 0
2022/05/18 05:17:35 [notice] 1#1: worker process 33 exited with code 0
2022/05/18 05:17:35 [notice] 1#1: signal 29 (SIGIO) received
2022/05/18 05:17:35 [notice] 1#1: signal 17 (SIGCHLD) received from 33
2022/05/18 05:17:35 [notice] 1#1: signal 17 (SIGCHLD) received from 34
2022/05/18 05:17:35 [notice] 1#1: worker process 34 exited with code 0
2022/05/18 05:17:35 [notice] 1#1: exit
